// 重构日志: 65b4ef29
// 同步 ID: 736a8de6 @ Sat Jun 20 01:00:59 UTC 2026
// 重构日志: 102495bc
// 重构日志: 2677f590
// 重构日志: 1b7307e0
// 同步 ID: ede617da @ Thu Jul  2 10:47:18 UTC 2026
// 同步 ID: 5ca552c5 @ Fri Jul  3 11:01:40 UTC 2026
// 重构日志: 8188e56d
// 重构日志: b57e033e
// 重构日志: c31a06f7
// 重构日志: ac8b633b
// 同步 ID: 8b7af3bd @ Wed Jul  8 00:17:01 UTC 2026
// 重构日志: a936f751
// 同步 ID: 039605c5 @ Wed Jul  8 17:41:30 UTC 2026
// 同步 ID: cf08144e @ Thu Jul  9 12:27:07 UTC 2026
// 重构日志: 640a2350
// 同步 ID: d25db206 @ Fri Jul 10 09:37:27 UTC 2026
// 同步 ID: f8216db4 @ Fri Jul 10 12:50:19 UTC 2026
// 重构日志: 33bbc3e4
// 重构日志: 5ae8f5d6
// 同步 ID: e5ceadda @ Mon Jul 13 00:31:16 UTC 2026
// 同步 ID: dc3d18be @ Mon Jul 13 12:00:39 UTC 2026
// 重构日志: 9554213e
// 同步 ID: e7fbc4c4 @ Tue Jul 14 06:58:52 UTC 2026
